<?xml version="1.0" encoding="UTF-8"?>
<testsuite xmlns:xsi="http://www.w3.org/2001/XMLSchema-instance" xsi:noNamespaceSchemaLocation="https://maven.apache.org/surefire/maven-surefire-plugin/xsd/surefire-test-report-3.0.xsd" version="3.0" name="TestSuite" time="20.906" tests="1" errors="0" skipped="0" failures="0">
  <properties>
[...]
</properties>
  <testcase name="runScenario[&quot;LoginValidCredentials&quot;, &quot;Optional[Login to HRM Application]&quot;](1)" classname="com.sadakar.testng.runner.RunCucumberTest" time="17.349">
    <system-out><![CDATA[
@HRMLogin @LoginValidCredentials
Scenario: LoginValidCredentials                                  # features/HRMLogin.feature:6
  Given User login to HRM application with UserName and Password # com.sadakar.stepdefinitions.HRMLogin.loginToHRMApp(io.cucumber.datatable.DataTable)
    | Admin | admin123 |
]]></system-out>
    <system-err><![CDATA[SLF4J: Failed to load class "org.slf4j.impl.StaticLoggerBinder".
SLF4J: Defaulting to no-operation (NOP) logger implementation
SLF4J: See http://www.slf4j.org/codes.html#StaticLoggerBinder for further details.
1722605721349	geckodriver	INFO	Listening on 127.0.0.1:56054
1722605722603	mozrunner::runner	INFO	Running command: "C:\\Program Files\\Mozilla Firefox\\firefox.exe" "--marionette" "--remote-debugging-port" "53836" "--remote ... origins" "http://localhost:53836/" "-no-remote" "-profile" "C:\\Users\\mbenhmed\\AppData\\Local\\Temp\\rust_mozprofilexWYRIa"
console.warn: services.settings: Ignoring preference override of remote settings server
console.warn: services.settings: Allow by setting MOZ_REMOTE_SETTINGS_DEVTOOLS=1 in the environment
Dynamically enable window occlusion 0
1722605723280	Marionette	INFO	Marionette enabled
1722605723547	Marionette	INFO	Listening on port 62076
WebDriver BiDi listening on ws://127.0.0.1:53836
Read port: 62076
1722605723918	RemoteAgent	WARN	TLS certificate errors will be ignored for this session
DevTools listening on ws://127.0.0.1:53836/devtools/browser/27462982-393b-45cc-8fbf-e70577612289
août 02, 2024 2:35:26 PM org.openqa.selenium.remote.ProtocolHandshake createSession
INFO: Detected upstream dialect: W3C
console.warn: LoginRecipes: "Falling back to a synchronous message for: https://opensource-demo.orangehrmlive.com."
console.warn: LoginRecipes: "Falling back to a synchronous message for: https://opensource-demo.orangehrmlive.com."
1722605736755	Marionette	INFO	Stopped listening on port 62076
Dynamically enable window occlusion 1
]]></system-err>
  </testcase>
</testsuite>